{
  "RSpec": {
    "coverage": {
      "/Users/morganosborne/Development/code/venture/spec/features/users/user_show_spec.rb": [
        1,
        null,
        1,
        20,
        null,
        20,
        null,
        1,
        1,
        1,
        null,
        null,
        1,
        1,
        1,
        null,
        null,
        1,
        1,
        null,
        null,
        1,
        1,
        1,
        null,
        null,
        1,
        1,
        null,
        null,
        1,
        1,
        null,
        null,
        null,
        1,
        null,
        1,
        10,
        10,
        null,
        null,
        1,
        1,
        1,
        1,
        null,
        null,
        1,
        1,
        null,
        null,
        1,
        1,
        1,
        1,
        1,
        1,
        null,
        null,
        1,
        1,
        1,
        1,
        1,
        0,
        null,
        null,
        null,
        1,
        1,
        1,
        1,
        1,
        1,
        1,
        null,
        null,
        null,
        1,
        6,
        null,
        6,
        null,
        1,
        1,
        null,
        null,
        1,
        1,
        1,
        1,
        1,
        null,
        null,
        1,
        1,
        1,
        null,
        null,
        1,
        1,
        1,
        null,
        null,
        1,
        1,
        null,
        null,
        null,
        null,
        1,
        null,
        1,
        1,
        null,
        null,
        1,
        1,
        null,
        null,
        1,
        1,
        null,
        null,
        null,
        null,
        null
      ],
      "/Users/morganosborne/Development/code/venture/spec/rails_helper.rb": [
        null,
        1,
        1,
        1,
        1,
        1,
        1,
        null,
        null,
        null,
        null,
        null,
        null,
        null,
        4,
        null,
        null,
        null,
        1,
        1,
        1,
        1,
        1,
        1,
        null,
        null,
        1,
        19,
        19,
        19,
        null,
        null,
        1,
        0,
        null,
        null,
        1,
        19,
        null,
        null,
        null,
        null,
        null,
        null,
        null,
        1,
        null,
        null,
        null,
        null,
        null,
        null,
        null,
        null,
        null,
        null,
        null,
        null,
        null,
        null,
        1,
        null,
        null,
        1
      ],
      "/Users/morganosborne/Development/code/venture/config/environment.rb": [
        null,
        1,
        null,
        null,
        1
      ],
      "/Users/morganosborne/Development/code/venture/config/application.rb": [
        1,
        null,
        1,
        null,
        null,
        null,
        1,
        null,
        1,
        1,
        null,
        null,
        null,
        null,
        null
      ],
      "/Users/morganosborne/Development/code/venture/config/boot.rb": [
        1,
        null,
        1
      ],
      "/Users/morganosborne/Development/code/venture/config/environments/test.rb": [
        1,
        null,
        null,
        null,
        null,
        null,
        null,
        1,
        null,
        null,
        null,
        null,
        1,
        null,
        null,
        1,
        1,
        null,
        null,
        null,
        null,
        1,
        1,
        null,
        null,
        1,
        null,
        null,
        1,
        1,
        null,
        null,
        null,
        null,
        1,
        null,
        null,
        1,
        null,
        null,
        null,
        null
      ],
      "/Users/morganosborne/Development/code/venture/config/initializers/application_controller_renderer.rb": [
        null,
        null,
        null,
        null,
        null,
        null
      ],
      "/Users/morganosborne/Development/code/venture/config/initializers/assets.rb": [
        null,
        null,
        null,
        1,
        null,
        null,
        null,
        null,
        null,
        null,
        null
      ],
      "/Users/morganosborne/Development/code/venture/config/initializers/backtrace_silencers.rb": [
        null,
        null,
        null,
        null,
        null,
        null,
        null
      ],
      "/Users/morganosborne/Development/code/venture/config/initializers/cookies_serializer.rb": [
        null,
        null,
        null,
        null,
        1
      ],
      "/Users/morganosborne/Development/code/venture/config/initializers/devise.rb": [
        null,
        null,
        1,
        1,
        null,
        1,
        null,
        null,
        null,
        null,
        null,
        null,
        null,
        null,
        null,
        null,
        null,
        null,
        1,
        null,
        null,
        null,
        null,
        null,
        null,
        null,
        null,
        null,
        null,
        null,
        1,
        null,
        null,
        null,
        null,
        null,
        null,
        null,
        null,
        null,
        null,
        null,
        null,
        null,
        null,
        null,
        null,
        null,
        null,
        null,
        null,
        null,
        1,
        null,
        null,
        null,
        null,
        1,
        null,
        null,
        null,
        null,
        null,
        null,
        null,
        null,
        null,
        null,
        null,
        null,
        null,
        null,
        null,
        null,
        null,
        null,
        null,
        null,
        null,
        null,
        null,
        null,
        null,
        null,
        null,
        null,
        null,
        null,
        1,
        null,
        null,
        null,
        null,
        null,
        null,
        null,
        null,
        null,
        null,
        null,
        null,
        null,
        null,
        null,
        null,
        null,
        null,
        null,
        null,
        null,
        null,
        1,
        null,
        null,
        null,
        null,
        null,
        null,
        null,
        null,
        null,
        null,
        null,
        null,
        null,
        null,
        null,
        null,
        null,
        null,
        null,
        null,
        null,
        null,
        null,
        null,
        null,
        null,
        null,
        1,
        null,
        null,
        null,
        null,
        null,
        null,
        null,
        null,
        null,
        1,
        null,
        null,
        null,
        null,
        null,
        null,
        null,
        null,
        null,
        null,
        1,
        null,
        null,
        null,
        null,
        1,
        null,
        null,
        null,
        null,
        null,
        null,
        null,
        null,
        null,
        null,
        null,
        null,
        null,
        null,
        null,
        null,
        null,
        null,
        null,
        null,
        null,
        null,
        null,
        null,
        null,
        null,
        null,
        null,
        null,
        null,
        null,
        null,
        null,
        null,
        null,
        null,
        null,
        null,
        null,
        null,
        1,
        null,
        null,
        null,
        null,
        null,
        null,
        null,
        null,
        null,
        null,
        null,
        null,
        null,
        null,
        null,
        null,
        null,
        null,
        null,
        null,
        null,
        null,
        null,
        null,
        null,
        null,
        null,
        null,
        null,
        null,
        null,
        null,
        null,
        null,
        null,
        null,
        null,
        null,
        null,
        null,
        null,
        1,
        null,
        null,
        null,
        null,
        null,
        null,
        null,
        null,
        null,
        null,
        null,
        null,
        null,
        null,
        null,
        null,
        null,
        null,
        null,
        null,
        null,
        null,
        null,
        null,
        null,
        null,
        null,
        null,
        null
      ],
      "/Users/morganosborne/Development/code/venture/config/initializers/filter_parameter_logging.rb": [
        null,
        null,
        null,
        1
      ],
      "/Users/morganosborne/Development/code/venture/config/initializers/inflections.rb": [
        null,
        null,
        null,
        null,
        null,
        null,
        null,
        null,
        null,
        null,
        null,
        null,
        null,
        null,
        null,
        null
      ],
      "/Users/morganosborne/Development/code/venture/config/initializers/mime_types.rb": [
        null,
        null,
        null,
        null
      ],
      "/Users/morganosborne/Development/code/venture/config/initializers/new_framework_defaults.rb": [
        null,
        null,
        null,
        null,
        null,
        null,
        null,
        1,
        null,
        null,
        1,
        null,
        null,
        null,
        1,
        null,
        null,
        1,
        null,
        null,
        1,
        null,
        null,
        1
      ],
      "/Users/morganosborne/Development/code/venture/config/initializers/session_store.rb": [
        null,
        null,
        1
      ],
      "/Users/morganosborne/Development/code/venture/config/initializers/wrap_parameters.rb": [
        null,
        null,
        null,
        null,
        null,
        null,
        1,
        2,
        null,
        null,
        null,
        null,
        null,
        null
      ],
      "/Users/morganosborne/Development/code/venture/spec/factories/entry.rb": [
        1,
        null,
        1,
        1,
        1,
        1,
        null,
        1,
        null,
        null
      ],
      "/Users/morganosborne/Development/code/venture/spec/factories/place.rb": [
        1,
        null,
        1,
        1,
        2,
        null,
        1,
        null,
        null
      ],
      "/Users/morganosborne/Development/code/venture/spec/factories/post.rb": [
        1,
        null,
        1,
        1,
        1,
        1,
        null,
        1,
        null,
        null
      ],
      "/Users/morganosborne/Development/code/venture/spec/factories/user.rb": [
        1,
        null,
        1,
        1,
        26,
        26,
        26,
        26,
        null,
        null
      ],
      "/Users/morganosborne/Development/code/venture/config/routes.rb": [
        1,
        null,
        1,
        1,
        null,
        1,
        1,
        null,
        1,
        1,
        1,
        null,
        null,
        1,
        1,
        1,
        1,
        1,
        1,
        null,
        null
      ],
      "/Users/morganosborne/Development/code/venture/app/models/user.rb": [
        1,
        null,
        null,
        1,
        null,
        null,
        1,
        null,
        1,
        1,
        1,
        null,
        1,
        1,
        null,
        1,
        null,
        1,
        1,
        null,
        1,
        1,
        null,
        null,
        null,
        null,
        1,
        3,
        null,
        null,
        null,
        1,
        1,
        null,
        null,
        null,
        null,
        1,
        8,
        8,
        null,
        null,
        null,
        null,
        1,
        0,
        0,
        null,
        null,
        null,
        1,
        41,
        null,
        null,
        null,
        1,
        0,
        null,
        null,
        null,
        1,
        0,
        0,
        0,
        0,
        0,
        0,
        0,
        null,
        null,
        null
      ],
      "/Users/morganosborne/Development/code/venture/app/models/application_record.rb": [
        1,
        1,
        null
      ],
      "/Users/morganosborne/Development/code/venture/app/helpers/application_helper.rb": [
        1,
        null,
        1,
        1,
        null,
        null,
        null,
        1,
        41,
        41,
        41,
        null,
        null,
        null,
        1,
        41,
        41,
        41,
        null,
        null
      ],
      "/Users/morganosborne/Development/code/venture/app/helpers/comments_helper.rb": [
        1,
        null
      ],
      "/Users/morganosborne/Development/code/venture/app/helpers/entries_helper.rb": [
        1,
        null
      ],
      "/Users/morganosborne/Development/code/venture/app/helpers/places_helper.rb": [
        1,
        null
      ],
      "/Users/morganosborne/Development/code/venture/app/helpers/posts_helper.rb": [
        1,
        null
      ],
      "/Users/morganosborne/Development/code/venture/app/helpers/relationships_helper.rb": [
        1,
        null
      ],
      "/Users/morganosborne/Development/code/venture/app/helpers/welcome_helper.rb": [
        1,
        null
      ],
      "/Users/morganosborne/Development/code/venture/spec/support/factory_girl.rb": [
        1,
        1,
        null
      ],
      "/Users/morganosborne/Development/code/venture/spec/support/helpers/session_helpers.rb": [
        1,
        1,
        1,
        0,
        0,
        0,
        0,
        0,
        0,
        0,
        null,
        null,
        1,
        10,
        10,
        10,
        10,
        null,
        null,
        null
      ],
      "/Users/morganosborne/Development/code/venture/spec/support/helpers.rb": [
        1,
        null,
        1,
        1,
        null
      ],
      "/Users/morganosborne/Development/code/venture/db/seeds.rb": [
        null,
        null,
        null,
        null,
        null,
        null,
        null,
        null,
        1,
        1,
        1,
        1
      ],
      "/Users/morganosborne/Development/code/venture/app/models/entry.rb": [
        1,
        1,
        1,
        null,
        1,
        null,
        null,
        1,
        0,
        null,
        null,
        null
      ],
      "/Users/morganosborne/Development/code/venture/app/controllers/users_controller.rb": [
        1,
        1,
        null,
        null,
        1,
        0,
        null,
        null,
        null,
        1,
        37,
        null,
        null,
        null,
        1,
        0,
        null,
        null,
        null,
        1,
        0,
        null,
        null,
        null,
        1,
        2,
        null,
        null,
        1,
        null,
        null,
        1,
        39,
        null,
        null
      ],
      "/Users/morganosborne/Development/code/venture/app/controllers/application_controller.rb": [
        1,
        1,
        null,
        1,
        10,
        null,
        null
      ],
      "/Users/morganosborne/Development/code/venture/app/models/place.rb": [
        1,
        1,
        1,
        null,
        15,
        null,
        null,
        1,
        0,
        null,
        null
      ],
      "/Users/morganosborne/Development/code/venture/app/models/follow_relationship.rb": [
        1,
        null,
        null,
        1,
        1,
        null
      ],
      "/Users/morganosborne/Development/code/venture/app/controllers/places_controller.rb": [
        1,
        1,
        1,
        null,
        null,
        1,
        14,
        14,
        null,
        0,
        null,
        null,
        null,
        null,
        1,
        null,
        null,
        null,
        1,
        1,
        null,
        null,
        null,
        1,
        1,
        1,
        1,
        1,
        null,
        0,
        null,
        null,
        null,
        null,
        1,
        null,
        null,
        null,
        1,
        0,
        0,
        null,
        0,
        null,
        null,
        null,
        null,
        1,
        0,
        0,
        null,
        null,
        1,
        null,
        1,
        1,
        null,
        null,
        null,
        1,
        1,
        null,
        null,
        null,
        null,
        1,
        0,
        0,
        0,
        null,
        null,
        null
      ],
      "/Users/morganosborne/Development/code/venture/app/controllers/registrations_controller.rb": [
        1,
        null,
        1,
        null,
        null,
        null,
        1,
        0,
        null,
        null,
        1,
        0,
        null,
        null,
        null,
        1,
        0,
        0,
        0,
        null,
        0,
        null,
        null,
        null
      ],
      "/Users/morganosborne/Development/code/venture/app/controllers/entries_controller.rb": [
        1,
        1,
        1,
        null,
        null,
        1,
        0,
        0,
        null,
        0,
        null,
        null,
        null,
        null,
        1,
        null,
        null,
        null,
        1,
        1,
        null,
        null,
        null,
        1,
        1,
        1,
        1,
        1,
        null,
        0,
        null,
        null,
        null,
        null,
        1,
        null,
        null,
        null,
        1,
        0,
        0,
        null,
        0,
        null,
        null,
        null,
        null,
        1,
        0,
        0,
        null,
        null,
        1,
        null,
        1,
        1,
        null,
        null,
        null,
        1,
        1,
        null,
        null,
        null,
        null,
        1,
        0,
        0,
        0,
        null,
        null,
        null
      ],
      "/Users/morganosborne/Development/code/venture/app/models/comment.rb": [
        1,
        1,
        1,
        null
      ],
      "/Users/morganosborne/Development/code/venture/app/models/post.rb": [
        1,
        1,
        null,
        1,
        1,
        null,
        null,
        1,
        0,
        0,
        null,
        null,
        null,
        1,
        0,
        null,
        null
      ],
      "/Users/morganosborne/Development/code/venture/app/controllers/relationships_controller.rb": [
        1,
        null,
        null,
        null,
        1,
        3,
        3,
        3,
        null,
        null,
        null,
        null,
        null,
        1,
        1,
        1,
        1,
        null,
        null,
        null
      ]
    },
    "timestamp": 1488777556
  }
}
